\BOOKMARK [0][-]{chapter.1}{Introduction}{}% 1
\BOOKMARK [1][-]{section.1.1}{Questions\040de\040recherche}{chapter.1}% 2
\BOOKMARK [1][-]{section.1.2}{Aspects\040musicoth\351rapeutiques\040et\040\351l\351ments\040th\351oriques}{chapter.1}% 3
\BOOKMARK [2][-]{subsection.1.2.1}{Cr\351dibilit\351\040actuelle\040de\040l'approche\040de\040la\040musicoth\351rapie}{section.1.2}% 4
\BOOKMARK [2][-]{subsection.1.2.2}{Le\040son\040et\040l'\351coute}{section.1.2}% 5
\BOOKMARK [2][-]{subsection.1.2.3}{Ecouter\040et\040entendre}{section.1.2}% 6
\BOOKMARK [2][-]{subsection.1.2.4}{La\040perception\040des\040sons\040et\040l'existence\040de\040troubles\040\351motionnels}{section.1.2}% 7
\BOOKMARK [0][-]{chapter.2}{Diff\351rentes\040approches\040musicoth\351rapiques:\040\351preuves\040et\040tests}{}% 8
\BOOKMARK [1][-]{section.2.1}{D\351finition\040et\040diff\351rence\040entre\040test\040d'\351coute\040et\040audiogramme}{chapter.2}% 9
\BOOKMARK [2][-]{subsection.2.1.1}{Le\040test\040d'\351coute\040en\040musicoth\351rapie}{section.2.1}% 10
\BOOKMARK [1][-]{section.2.2}{Le\040son\040et\040son\040\351ventail\040de\040tests}{chapter.2}% 11
\BOOKMARK [2][-]{subsection.2.2.1}{Benenzon\040Rolando\040Omar}{section.2.2}% 12
\BOOKMARK [2][-]{subsection.2.2.2}{Lecourt\040Edith}{section.2.2}% 13
\BOOKMARK [2][-]{subsection.2.2.3}{Verdeau-Paill\350s\040Jacqueline}{section.2.2}% 14
\BOOKMARK [2][-]{subsection.2.2.4}{Bonny\040Helen\040Lindquist}{section.2.2}% 15
\BOOKMARK [2][-]{subsection.2.2.5}{Nevjinsky\040Fern}{section.2.2}% 16
\BOOKMARK [2][-]{subsection.2.2.6}{Bonhomme\040Jacques}{section.2.2}% 17
\BOOKMARK [2][-]{subsection.2.2.7}{Auriol\040Bernard}{section.2.2}% 18
\BOOKMARK [2][-]{subsection.2.2.8}{EBQ\040\(Einsch\344tzung\040Beziehungs\040Qualit\344t\)}{section.2.2}% 19
\BOOKMARK [2][-]{subsection.2.2.9}{Tomatis\040Alfred}{section.2.2}% 20
\BOOKMARK [0][-]{chapter.3}{Alfred\040Tomatis}{}% 21
\BOOKMARK [1][-]{section.3.1}{Le\040test\040d'\351coute\040de\040Tomatis}{chapter.3}% 22
\BOOKMARK [1][-]{section.3.2}{M\351thode\040et\040test\040d'\351coute}{chapter.3}% 23
\BOOKMARK [1][-]{section.3.3}{Technique\040de\040passation\040du\040test\040Tomatis}{chapter.3}% 24
\BOOKMARK [2][-]{subsection.3.3.1}{Identification\040des\040seuils\040auditifs\040individuels}{section.3.3}% 25
\BOOKMARK [2][-]{subsection.3.3.2}{Repr\351sentation\040graphique}{section.3.3}% 26
\BOOKMARK [2][-]{subsection.3.3.3}{La\040spatialisation}{section.3.3}% 27
\BOOKMARK [2][-]{subsection.3.3.4}{La\040s\351lectivit\351}{section.3.3}% 28
\BOOKMARK [2][-]{subsection.3.3.5}{L'audiolat\351rom\351trie}{section.3.3}% 29
\BOOKMARK [2][-]{subsection.3.3.6}{Les\040trois\040zones\040du\040test\040d'\351coute}{section.3.3}% 30
\BOOKMARK [2][-]{subsection.3.3.7}{Analyse\040et\040interpr\351tation\040du\040test}{section.3.3}% 31
\BOOKMARK [0][-]{chapter.4}{\311tude\040clinique}{}% 32
\BOOKMARK [1][-]{section.4.1}{M\351thode}{chapter.4}% 33
\BOOKMARK [2][-]{subsection.4.1.1}{Population}{section.4.1}% 34
\BOOKMARK [2][-]{subsection.4.1.2}{D\351marches}{section.4.1}% 35
\BOOKMARK [2][-]{subsection.4.1.3}{Mat\351riel\040\(tests\040et\040questionnaires\)}{section.4.1}% 36
\BOOKMARK [2][-]{subsection.4.1.4}{Proc\351dure}{section.4.1}% 37
\BOOKMARK [1][-]{section.4.2}{Hypoth\350ses\040op\351rationnelles}{chapter.4}% 38
\BOOKMARK [1][-]{section.4.3}{Test\040d'Ecoute:\040comparatif\040pr\351/post-th\351rapie}{chapter.4}% 39
\BOOKMARK [2][-]{subsection.4.3.1}{Groupe\040Contr\364le:\040observation\040des\040tests\040d'\351coute\040de\0403\040patients.}{section.4.3}% 40
\BOOKMARK [2][-]{subsection.4.3.2}{Groupe\040Musicoth\351rapie:\040observation\040des\040tests\040d'\351coute\040de\0403\040patients}{section.4.3}% 41
\BOOKMARK [2][-]{subsection.4.3.3}{Test\040d'Ecoute:\040r\351sultats\040du\040comparatif\040pr\351/post-th\351rapie}{section.4.3}% 42
\BOOKMARK [1][-]{section.4.4}{Questionnaires\040WO\040-\040QOL\040:\040comparatif\040pr\351/post-th\351rapie}{chapter.4}% 43
\BOOKMARK [2][-]{subsection.4.4.1}{Groupe\040Contr\364le:\040observation\040des\040r\351sultats\040avec\0403\040patients}{section.4.4}% 44
\BOOKMARK [2][-]{subsection.4.4.2}{Groupe\040Musicoth\351rapie:\040observation\040des\040r\351sultats\040avec\0402\040patients}{section.4.4}% 45
\BOOKMARK [2][-]{subsection.4.4.3}{Questionnaires\040WO\040-\040QOL\040:\040r\351sultats\040du\040comparatif\040pr\351/post-th\351rapie}{section.4.4}% 46
\BOOKMARK [1][-]{section.4.5}{Corr\351lation\040des\040tests\040d'Ecoute\040et\040WH\040QOL\040avec\040r\351sultats}{chapter.4}% 47
\BOOKMARK [0][-]{chapter.5}{Discussion}{}% 48
\BOOKMARK [1][-]{section.5.1}{Synth\350se\040des\040r\351sultats}{chapter.5}% 49
\BOOKMARK [1][-]{section.5.2}{Apports,\040limites\040et\040interpr\351tations\040des\040r\351sultats}{chapter.5}% 50
\BOOKMARK [2][-]{subsection.5.2.1}{Apports}{section.5.2}% 51
\BOOKMARK [2][-]{subsection.5.2.2}{Limites}{section.5.2}% 52
\BOOKMARK [0][-]{chapter.6}{Perspectives:}{}% 53
\BOOKMARK [1][-]{section.6.1}{Synth\350se\040des\040perspectives}{chapter.6}% 54
\BOOKMARK [1][-]{section.6.2}{S\351ances\040de\040musicoth\351rapie,\040exemple\040concret,\040perspectives\040diff\351rentes}{chapter.6}% 55
\BOOKMARK [1][-]{section.6.3}{Consid\351rations\040g\351n\351rales,\040compl\351mentaires,\040mis\040en\040liens\040entre\040test\040d'\351coute,\040voix\040et\040humeur\040n\351gative:}{chapter.6}% 56
\BOOKMARK [1][-]{section.6.4}{R\351flexions:\040r\351sonance\040entre\040test\040d'\351coute,\040musicoth\351rapie\040et\040psychologie}{chapter.6}% 57
\BOOKMARK [0][-]{appendix.A}{Annexes}{}% 58
\BOOKMARK [1][-]{section.A.1}{Le\040son\040et\040sa\040d\351finition}{appendix.A}% 59
\BOOKMARK [2][-]{subsection.A.1.1}{L'oreille\040et\040son\040anatomie}{section.A.1}% 60
\BOOKMARK [2][-]{subsection.A.1.2}{La\040physiologie\040de\040l'audition}{section.A.1}% 61
\BOOKMARK [1][-]{section.A.2}{Acoustique}{appendix.A}% 62
\BOOKMARK [2][-]{subsection.A.2.1}{Courbe\040de\040Wegel}{section.A.2}% 63
\BOOKMARK [2][-]{subsection.A.2.2}{Imp\351dance}{section.A.2}% 64
\BOOKMARK [1][-]{section.A.3}{Oreille\040Electronique}{appendix.A}% 65
\BOOKMARK [1][-]{section.A.4}{Travail\040passif\040et\040actif\040de\040la\040m\351thode\040Tomatis}{appendix.A}% 66
\BOOKMARK [1][-]{section.A.5}{Le\040concept\040de\040la\040d\351pression}{appendix.A}% 67
\BOOKMARK [1][-]{section.A.6}{Le\040concept\040de\040l'Etude\040Clinique}{appendix.A}% 68
\BOOKMARK [1][-]{section.A.7}{Feuille\040informative\040en\040langue\040allemande\040de\040l'\351tude\040faite\040\340\040la\040Privatklinik\040von\040Meiringen}{appendix.A}% 69
\BOOKMARK [1][-]{section.A.8}{Feuille\040informative\040en\040langue\040fran\347aise\040de\040l'\351tude\040faite\040\340\040la\040Privatklinik\040von\040Meiringen}{appendix.A}% 70
\BOOKMARK [1][-]{section.A.9}{WHOQO\205Bref:\040World\040Health\040Organisation\040Quality\040of\040Life\040Assessement}{appendix.A}% 71
\BOOKMARK [1][-]{section.A.10}{Figure\040instruments\040et\040fr\351quences}{appendix.A}% 72
\BOOKMARK [1][-]{section.A.11}{Les\040tests\040d'\351coute\040Tomatis\040et\040les\040questionnaires\040WHO\040QOL}{appendix.A}% 73
\BOOKMARK [1][-]{section.A.12}{D\351claration\040de\040consentement}{appendix.A}% 74
\BOOKMARK [0][-]{section*.25}{Glossaire}{}% 75
\BOOKMARK [0][-]{chapter*.28}{Bibliographie}{}% 76
